<?xml version="1.0" encoding="UTF-8"?>
<testsuite name="JsonDatabaseTest" tests="1" skipped="0" failures="0" errors="0" timestamp="2020-12-14T12:27:32" hostname="NEC" time="4.406">
  <properties/>
  <testcase name="start" classname="JsonDatabaseTest" time="4.406"/>
  <system-out><![CDATA[?[1;31m
Start test 1?[0m
?[1;31m
Start test 2?[0m
Server started!
Client started!
Sent: {"type":"exit"}
RUN!!! 
command.type = exit
flag = false
Received: {"response":"OK"}
?[1;31m
Start test 3?[0m
Server started!
Client started!
Sent: {"type":"get","key":"1"}
RUN!!! 
command.type = get
flag = true
Received: {"response":"ERROR","reason":"No such key"}
Client started!
Sent: {"type":"set","value":"Hello world!","key":"1"}
RUN!!! 
command.type = set
flag = true
Received: {"response":"OK"}
Client started!
Sent: {"type":"set","value":"HelloWorld!","key":"1"}
RUN!!! 
command.type = set
flag = true
Received: {"response":"OK"}
Client started!
Sent: {"type":"get","key":"1"}
RUN!!! 
command.type = get
flag = true
Received: {"response":"OK","value":"HelloWorld!"}
Client started!
Sent: {"type":"delete","key":"1"}
RUN!!! 
command.type = delete
flag = true
Received: {"response":"OK"}
Client started!
RUN!!! 
command.type = delete
Sent: {"type":"delete","key":"1"}
flag = true
Received: {"response":"ERROR","reason":"No such key"}
Client started!
RUN!!! 
command.type = get
Sent: {"type":"get","key":"1"}
flag = true
Received: {"response":"ERROR","reason":"No such key"}
Client started!
RUN!!! 
Sent: {"type":"set","value":"Some text here","key":"text"}
command.type = set
flag = true
Received: {"response":"OK"}
Client started!
RUN!!! 
command.type = get
Sent: {"type":"get","key":"text"}
flag = true
Received: {"response":"OK","value":"Some text here"}
Client started!
RUN!!! 
command.type = get
Sent: {"type":"get","key":"56"}
flag = true
Received: {"response":"ERROR","reason":"No such key"}
Client started!
RUN!!! 
command.type = delete
Sent: {"type":"delete","key":"56"}
flag = true
Received: {"response":"ERROR","reason":"No such key"}
Client started!
RUN!!! 
command.type = delete
Sent: {"type":"delete","key":"100"}
flag = true
Received: {"response":"ERROR","reason":"No such key"}
Client started!
RUN!!! 
command.type = delete
Sent: {"type":"delete","key":"That key doesn\u0027t exist"}
flag = true
Received: {"response":"ERROR","reason":"No such key"}
Client started!
RUN!!! 
command.type = set
Sent: {"type":"set","key":"name","value":"Kate"}
flag = true
Received: {"response":"OK"}
Client started!
RUN!!! 
command.type = get
Sent: {"type":"get","key":"name"}
flag = true
Received: {"response":"OK","value":"Kate"}
Client started!
Sent: {"type":"delete","key":"name"}
RUN!!! 
command.type = delete
flag = true
Received: {"response":"OK"}
Client started!
RUN!!! 
command.type = get
Sent: {"type":"get","key":"name"}
flag = true
Received: {"response":"ERROR","reason":"No such key"}
Client started!
RUN!!! 
command.type = exit
Sent: {"type":"exit"}
flag = false
Received: {"response":"OK"}
]]></system-out>
  <system-err><![CDATA[]]></system-err>
</testsuite>
